Simulation ...!!!
Running with the parameters:
Total Neurons = 100
Exc Neurons = 100
Inh Neurons = 0
maxTimeSimulation = 8.000000 s
nBurst = 200
dt = 0.010000
vInh = 70.000000
Case = 21
SAVE_SIMULATION = 1

<100,70.0000>- burst:1, time: 98.2800
<100,70.0000>- burst:2, time: 1730.9500
<100,70.0000>- burst:3, time: 4649.3800
<100,70.0000>- burst:4, time: 6783.4300
<100,70.0000>- burst:5, time: 7783.9100
Simulation duration: 99.0000 seconds
=========================================
Writing in file: ./results/dt01.txt
Writing in file: ./results/dt01Epis.txt
Writing in file: ./results/dt01Iapp.txt
Writing in file: ./results/dt01.m
Writing in file: ./results/dt01FP.txt
Writing in file: ./results/dt01Ord.txt
